<?xml version="1.0" encoding="UTF-8"?>
<testsuite xmlns:xsi="http://www.w3.org/2001/XMLSchema-instance" xsi:noNamespaceSchemaLocation="https://maven.apache.org/surefire/maven-surefire-plugin/xsd/surefire-test-report.xsd" name="mapReduce.AppTest" time="0.064" tests="1" errors="0" skipped="0" failures="0">
  <properties>
    <property name="awt.toolkit" value="sun.lwawt.macosx.LWCToolkit"/>
    <property name="jdk.extensions.version" value="8.0.265.0"/>
    <property name="file.encoding.pkg" value="sun.io"/>
    <property name="java.specification.version" value="1.8"/>
    <property name="sun.jnu.encoding" value="UTF-8"/>
    <property name="java.class.path" value="/Users/milind/OneDrive - RMIT University/sem3/Big Data/Assingments/Assingment2_Task1/target/test-classes:/Users/milind/OneDrive - RMIT University/sem3/Big Data/Assingments/Assingment2_Task1/target/classes:/Users/milind/.m2/repository/junit/junit/4.11/junit-4.11.jar:/Users/milind/.m2/repository/org/hamcrest/hamcrest-core/1.3/hamcrest-core-1.3.jar:/Users/milind/.m2/repository/org/apache/hadoop/hadoop-mapreduce-client-core/3.2.1/hadoop-mapreduce-client-core-3.2.1.jar:/Users/milind/.m2/repository/org/apache/hadoop/hadoop-yarn-client/3.2.1/hadoop-yarn-client-3.2.1.jar:/Users/milind/.m2/repository/com/google/guava/guava/27.0-jre/guava-27.0-jre.jar:/Users/milind/.m2/repository/com/google/guava/failureaccess/1.0/failureaccess-1.0.jar:/Users/milind/.m2/repository/com/google/guava/listenablefuture/9999.0-empty-to-avoid-conflict-with-guava/listenablefuture-9999.0-empty-to-avoid-conflict-with-guava.jar:/Users/milind/.m2/repository/com/google/code/findbugs/jsr305/3.0.2/jsr305-3.0.2.jar:/Users/milind/.m2/repository/org/checkerframework/checker-qual/2.5.2/checker-qual-2.5.2.jar:/Users/milind/.m2/repository/com/google/errorprone/error_prone_annotations/2.2.0/error_prone_annotations-2.2.0.jar:/Users/milind/.m2/repository/com/google/j2objc/j2objc-annotations/1.1/j2objc-annotations-1.1.jar:/Users/milind/.m2/repository/org/codehaus/mojo/animal-sniffer-annotations/1.17/animal-sniffer-annotations-1.17.jar:/Users/milind/.m2/repository/commons-logging/commons-logging/1.1.3/commons-logging-1.1.3.jar:/Users/milind/.m2/repository/org/apache/hadoop/hadoop-yarn-api/3.2.1/hadoop-yarn-api-3.2.1.jar:/Users/milind/.m2/repository/org/apache/hadoop/hadoop-yarn-common/3.2.1/hadoop-yarn-common-3.2.1.jar:/Users/milind/.m2/repository/org/apache/hadoop/hadoop-auth/3.2.1/hadoop-auth-3.2.1.jar:/Users/milind/.m2/repository/org/apache/httpcomponents/httpclient/4.5.6/httpclient-4.5.6.jar:/Users/milind/.m2/repository/org/apache/httpcomponents/httpcore/4.4.10/httpcore-4.4.10.jar:/Users/milind/.m2/repository/com/nimbusds/nimbus-jose-jwt/4.41.1/nimbus-jose-jwt-4.41.1.jar:/Users/milind/.m2/repository/com/github/stephenc/jcip/jcip-annotations/1.0-1/jcip-annotations-1.0-1.jar:/Users/milind/.m2/repository/net/minidev/json-smart/2.3/json-smart-2.3.jar:/Users/milind/.m2/repository/net/minidev/accessors-smart/1.2/accessors-smart-1.2.jar:/Users/milind/.m2/repository/org/ow2/asm/asm/5.0.4/asm-5.0.4.jar:/Users/milind/.m2/repository/org/apache/zookeeper/zookeeper/3.4.13/zookeeper-3.4.13.jar:/Users/milind/.m2/repository/org/apache/yetus/audience-annotations/0.5.0/audience-annotations-0.5.0.jar:/Users/milind/.m2/repository/org/apache/curator/curator-framework/2.13.0/curator-framework-2.13.0.jar:/Users/milind/.m2/repository/org/apache/curator/curator-client/2.13.0/curator-client-2.13.0.jar:/Users/milind/.m2/repository/org/apache/kerby/kerb-simplekdc/1.0.1/kerb-simplekdc-1.0.1.jar:/Users/milind/.m2/repository/org/apache/kerby/kerb-client/1.0.1/kerb-client-1.0.1.jar:/Users/milind/.m2/repository/org/apache/kerby/kerby-config/1.0.1/kerby-config-1.0.1.jar:/Users/milind/.m2/repository/org/apache/kerby/kerb-core/1.0.1/kerb-core-1.0.1.jar:/Users/milind/.m2/repository/org/apache/kerby/kerby-pkix/1.0.1/kerby-pkix-1.0.1.jar:/Users/milind/.m2/repository/org/apache/kerby/kerby-asn1/1.0.1/kerby-asn1-1.0.1.jar:/Users/milind/.m2/repository/org/apache/kerby/kerby-util/1.0.1/kerby-util-1.0.1.jar:/Users/milind/.m2/repository/org/apache/kerby/kerb-common/1.0.1/kerb-common-1.0.1.jar:/Users/milind/.m2/repository/org/apache/kerby/kerb-crypto/1.0.1/kerb-crypto-1.0.1.jar:/Users/milind/.m2/repository/org/apache/kerby/kerb-util/1.0.1/kerb-util-1.0.1.jar:/Users/milind/.m2/repository/org/apache/kerby/token-provider/1.0.1/token-provider-1.0.1.jar:/Users/milind/.m2/repository/org/apache/kerby/kerb-admin/1.0.1/kerb-admin-1.0.1.jar:/Users/milind/.m2/repository/org/apache/kerby/kerb-server/1.0.1/kerb-server-1.0.1.jar:/Users/milind/.m2/repository/org/apache/kerby/kerb-identity/1.0.1/kerb-identity-1.0.1.jar:/Users/milind/.m2/repository/org/apache/kerby/kerby-xdr/1.0.1/kerby-xdr-1.0.1.jar:/Users/milind/.m2/repository/javax/xml/bind/jaxb-api/2.2.11/jaxb-api-2.2.11.jar:/Users/milind/.m2/repository/org/apache/commons/commons-compress/1.18/commons-compress-1.18.jar:/Users/milind/.m2/repository/javax/servlet/javax.servlet-api/3.1.0/javax.servlet-api-3.1.0.jar:/Users/milind/.m2/repository/org/eclipse/jetty/jetty-util/9.3.24.v20180605/jetty-util-9.3.24.v20180605.jar:/Users/milind/.m2/repository/com/sun/jersey/jersey-client/1.19/jersey-client-1.19.jar:/Users/milind/.m2/repository/com/google/inject/guice/4.0/guice-4.0.jar:/Users/milind/.m2/repository/javax/inject/javax.inject/1/javax.inject-1.jar:/Users/milind/.m2/repository/aopalliance/aopalliance/1.0/aopalliance-1.0.jar:/Users/milind/.m2/repository/com/sun/jersey/contribs/jersey-guice/1.19/jersey-guice-1.19.jar:/Users/milind/.m2/repository/com/sun/jersey/jersey-servlet/1.19/jersey-servlet-1.19.jar:/Users/milind/.m2/repository/com/fasterxml/jackson/core/jackson-core/2.9.8/jackson-core-2.9.8.jar:/Users/milind/.m2/repository/com/fasterxml/jackson/module/jackson-module-jaxb-annotations/2.9.8/jackson-module-jaxb-annotations-2.9.8.jar:/Users/milind/.m2/repository/com/fasterxml/jackson/jaxrs/jackson-jaxrs-json-provider/2.9.8/jackson-jaxrs-json-provider-2.9.8.jar:/Users/milind/.m2/repository/com/fasterxml/jackson/jaxrs/jackson-jaxrs-base/2.9.8/jackson-jaxrs-base-2.9.8.jar:/Users/milind/.m2/repository/org/apache/hadoop/hadoop-hdfs-client/3.2.1/hadoop-hdfs-client-3.2.1.jar:/Users/milind/.m2/repository/com/squareup/okhttp/okhttp/2.7.5/okhttp-2.7.5.jar:/Users/milind/.m2/repository/com/squareup/okio/okio/1.6.0/okio-1.6.0.jar:/Users/milind/.m2/repository/com/fasterxml/jackson/core/jackson-annotations/2.9.8/jackson-annotations-2.9.8.jar:/Users/milind/.m2/repository/com/fasterxml/jackson/core/jackson-databind/2.9.8/jackson-databind-2.9.8.jar:/Users/milind/.m2/repository/com/google/protobuf/protobuf-java/2.5.0/protobuf-java-2.5.0.jar:/Users/milind/.m2/repository/org/apache/avro/avro/1.7.7/avro-1.7.7.jar:/Users/milind/.m2/repository/org/codehaus/jackson/jackson-core-asl/1.9.13/jackson-core-asl-1.9.13.jar:/Users/milind/.m2/repository/com/thoughtworks/paranamer/paranamer/2.3/paranamer-2.3.jar:/Users/milind/.m2/repository/org/xerial/snappy/snappy-java/1.0.5/snappy-java-1.0.5.jar:/Users/milind/.m2/repository/org/slf4j/slf4j-api/1.7.25/slf4j-api-1.7.25.jar:/Users/milind/.m2/repository/org/slf4j/slf4j-log4j12/1.7.25/slf4j-log4j12-1.7.25.jar:/Users/milind/.m2/repository/org/apache/hadoop/hadoop-annotations/3.2.1/hadoop-annotations-3.2.1.jar:/Users/milind/Library/Java/JavaVirtualMachines/adopt-openj9-1.8.0_265/Contents/Home/jre/../lib/tools.jar:/Users/milind/.m2/repository/com/google/inject/extensions/guice-servlet/4.0/guice-servlet-4.0.jar:/Users/milind/.m2/repository/io/netty/netty/3.10.5.Final/netty-3.10.5.Final.jar:/Users/milind/.m2/repository/org/apache/hadoop/hadoop-core/1.2.1/hadoop-core-1.2.1.jar:/Users/milind/.m2/repository/commons-cli/commons-cli/1.2/commons-cli-1.2.jar:/Users/milind/.m2/repository/xmlenc/xmlenc/0.52/xmlenc-0.52.jar:/Users/milind/.m2/repository/com/sun/jersey/jersey-core/1.8/jersey-core-1.8.jar:/Users/milind/.m2/repository/com/sun/jersey/jersey-json/1.8/jersey-json-1.8.jar:/Users/milind/.m2/repository/org/codehaus/jettison/jettison/1.1/jettison-1.1.jar:/Users/milind/.m2/repository/stax/stax-api/1.0.1/stax-api-1.0.1.jar:/Users/milind/.m2/repository/com/sun/xml/bind/jaxb-impl/2.2.3-1/jaxb-impl-2.2.3-1.jar:/Users/milind/.m2/repository/org/codehaus/jackson/jackson-jaxrs/1.7.1/jackson-jaxrs-1.7.1.jar:/Users/milind/.m2/repository/org/codehaus/jackson/jackson-xc/1.7.1/jackson-xc-1.7.1.jar:/Users/milind/.m2/repository/com/sun/jersey/jersey-server/1.8/jersey-server-1.8.jar:/Users/milind/.m2/repository/asm/asm/3.1/asm-3.1.jar:/Users/milind/.m2/repository/commons-io/commons-io/2.1/commons-io-2.1.jar:/Users/milind/.m2/repository/commons-httpclient/commons-httpclient/3.0.1/commons-httpclient-3.0.1.jar:/Users/milind/.m2/repository/commons-codec/commons-codec/1.4/commons-codec-1.4.jar:/Users/milind/.m2/repository/org/apache/commons/commons-math/2.1/commons-math-2.1.jar:/Users/milind/.m2/repository/commons-configuration/commons-configuration/1.6/commons-configuration-1.6.jar:/Users/milind/.m2/repository/commons-collections/commons-collections/3.2.1/commons-collections-3.2.1.jar:/Users/milind/.m2/repository/commons-lang/commons-lang/2.4/commons-lang-2.4.jar:/Users/milind/.m2/repository/commons-digester/commons-digester/1.8/commons-digester-1.8.jar:/Users/milind/.m2/repository/commons-beanutils/commons-beanutils/1.7.0/commons-beanutils-1.7.0.jar:/Users/milind/.m2/repository/commons-beanutils/commons-beanutils-core/1.8.0/commons-beanutils-core-1.8.0.jar:/Users/milind/.m2/repository/commons-net/commons-net/1.4.1/commons-net-1.4.1.jar:/Users/milind/.m2/repository/org/mortbay/jetty/jetty/6.1.26/jetty-6.1.26.jar:/Users/milind/.m2/repository/org/mortbay/jetty/servlet-api/2.5-20081211/servlet-api-2.5-20081211.jar:/Users/milind/.m2/repository/org/mortbay/jetty/jetty-util/6.1.26/jetty-util-6.1.26.jar:/Users/milind/.m2/repository/tomcat/jasper-runtime/5.5.12/jasper-runtime-5.5.12.jar:/Users/milind/.m2/repository/tomcat/jasper-compiler/5.5.12/jasper-compiler-5.5.12.jar:/Users/milind/.m2/repository/org/mortbay/jetty/jsp-api-2.1/6.1.14/jsp-api-2.1-6.1.14.jar:/Users/milind/.m2/repository/org/mortbay/jetty/servlet-api-2.5/6.1.14/servlet-api-2.5-6.1.14.jar:/Users/milind/.m2/repository/org/mortbay/jetty/jsp-2.1/6.1.14/jsp-2.1-6.1.14.jar:/Users/milind/.m2/repository/ant/ant/1.6.5/ant-1.6.5.jar:/Users/milind/.m2/repository/commons-el/commons-el/1.0/commons-el-1.0.jar:/Users/milind/.m2/repository/net/java/dev/jets3t/jets3t/0.6.1/jets3t-0.6.1.jar:/Users/milind/.m2/repository/hsqldb/hsqldb/1.8.0.10/hsqldb-1.8.0.10.jar:/Users/milind/.m2/repository/oro/oro/2.0.8/oro-2.0.8.jar:/Users/milind/.m2/repository/org/eclipse/jdt/core/3.1.1/core-3.1.1.jar:/Users/milind/.m2/repository/org/codehaus/jackson/jackson-mapper-asl/1.8.8/jackson-mapper-asl-1.8.8.jar:/Users/milind/.m2/repository/log4j/log4j/1.2.17/log4j-1.2.17.jar:"/>
    <property name="java.vm.vendor" value="Eclipse OpenJ9"/>
    <property name="com.ibm.zero.version" value="2"/>
    <property name="sun.arch.data.model" value="64"/>
    <property name="com.ibm.vm.bitmode" value="64"/>
    <property name="user.variant" value=""/>
    <property name="com.ibm.oti.vm.library.version" value="29"/>
    <property name="java.vendor.url" value="http://www.eclipse.org/openj9"/>
    <property name="user.timezone" value=""/>
    <property name="os.name" value="Mac OS X"/>
    <property name="java.vm.specification.version" value="1.8"/>
    <property name="sun.java.launcher" value="SUN_STANDARD"/>
    <property name="user.country" value="US"/>
    <property name="sun.boot.library.path" value="/Users/milind/Library/Java/JavaVirtualMachines/adopt-openj9-1.8.0_265/Contents/Home/jre/lib/compressedrefs:/Users/milind/Library/Java/JavaVirtualMachines/adopt-openj9-1.8.0_265/Contents/Home/jre/lib"/>
    <property name="sun.java.command" value="/Users/milind/OneDrive - RMIT University/sem3/Big Data/Assingments/Assingment2_Task1/target/surefire/surefirebooter8635891687538967898.jar /Users/milind/OneDrive - RMIT University/sem3/Big Data/Assingments/Assingment2_Task1/target/surefire 2020-10-20T20-41-26_080-jvmRun1 surefire9055190514260449227tmp surefire_03527900101302008495tmp"/>
    <property name="surefire.test.class.path" value="/Users/milind/OneDrive - RMIT University/sem3/Big Data/Assingments/Assingment2_Task1/target/test-classes:/Users/milind/OneDrive - RMIT University/sem3/Big Data/Assingments/Assingment2_Task1/target/classes:/Users/milind/.m2/repository/junit/junit/4.11/junit-4.11.jar:/Users/milind/.m2/repository/org/hamcrest/hamcrest-core/1.3/hamcrest-core-1.3.jar:/Users/milind/.m2/repository/org/apache/hadoop/hadoop-mapreduce-client-core/3.2.1/hadoop-mapreduce-client-core-3.2.1.jar:/Users/milind/.m2/repository/org/apache/hadoop/hadoop-yarn-client/3.2.1/hadoop-yarn-client-3.2.1.jar:/Users/milind/.m2/repository/com/google/guava/guava/27.0-jre/guava-27.0-jre.jar:/Users/milind/.m2/repository/com/google/guava/failureaccess/1.0/failureaccess-1.0.jar:/Users/milind/.m2/repository/com/google/guava/listenablefuture/9999.0-empty-to-avoid-conflict-with-guava/listenablefuture-9999.0-empty-to-avoid-conflict-with-guava.jar:/Users/milind/.m2/repository/com/google/code/findbugs/jsr305/3.0.2/jsr305-3.0.2.jar:/Users/milind/.m2/repository/org/checkerframework/checker-qual/2.5.2/checker-qual-2.5.2.jar:/Users/milind/.m2/repository/com/google/errorprone/error_prone_annotations/2.2.0/error_prone_annotations-2.2.0.jar:/Users/milind/.m2/repository/com/google/j2objc/j2objc-annotations/1.1/j2objc-annotations-1.1.jar:/Users/milind/.m2/repository/org/codehaus/mojo/animal-sniffer-annotations/1.17/animal-sniffer-annotations-1.17.jar:/Users/milind/.m2/repository/commons-logging/commons-logging/1.1.3/commons-logging-1.1.3.jar:/Users/milind/.m2/repository/org/apache/hadoop/hadoop-yarn-api/3.2.1/hadoop-yarn-api-3.2.1.jar:/Users/milind/.m2/repository/org/apache/hadoop/hadoop-yarn-common/3.2.1/hadoop-yarn-common-3.2.1.jar:/Users/milind/.m2/repository/org/apache/hadoop/hadoop-auth/3.2.1/hadoop-auth-3.2.1.jar:/Users/milind/.m2/repository/org/apache/httpcomponents/httpclient/4.5.6/httpclient-4.5.6.jar:/Users/milind/.m2/repository/org/apache/httpcomponents/httpcore/4.4.10/httpcore-4.4.10.jar:/Users/milind/.m2/repository/com/nimbusds/nimbus-jose-jwt/4.41.1/nimbus-jose-jwt-4.41.1.jar:/Users/milind/.m2/repository/com/github/stephenc/jcip/jcip-annotations/1.0-1/jcip-annotations-1.0-1.jar:/Users/milind/.m2/repository/net/minidev/json-smart/2.3/json-smart-2.3.jar:/Users/milind/.m2/repository/net/minidev/accessors-smart/1.2/accessors-smart-1.2.jar:/Users/milind/.m2/repository/org/ow2/asm/asm/5.0.4/asm-5.0.4.jar:/Users/milind/.m2/repository/org/apache/zookeeper/zookeeper/3.4.13/zookeeper-3.4.13.jar:/Users/milind/.m2/repository/org/apache/yetus/audience-annotations/0.5.0/audience-annotations-0.5.0.jar:/Users/milind/.m2/repository/org/apache/curator/curator-framework/2.13.0/curator-framework-2.13.0.jar:/Users/milind/.m2/repository/org/apache/curator/curator-client/2.13.0/curator-client-2.13.0.jar:/Users/milind/.m2/repository/org/apache/kerby/kerb-simplekdc/1.0.1/kerb-simplekdc-1.0.1.jar:/Users/milind/.m2/repository/org/apache/kerby/kerb-client/1.0.1/kerb-client-1.0.1.jar:/Users/milind/.m2/repository/org/apache/kerby/kerby-config/1.0.1/kerby-config-1.0.1.jar:/Users/milind/.m2/repository/org/apache/kerby/kerb-core/1.0.1/kerb-core-1.0.1.jar:/Users/milind/.m2/repository/org/apache/kerby/kerby-pkix/1.0.1/kerby-pkix-1.0.1.jar:/Users/milind/.m2/repository/org/apache/kerby/kerby-asn1/1.0.1/kerby-asn1-1.0.1.jar:/Users/milind/.m2/repository/org/apache/kerby/kerby-util/1.0.1/kerby-util-1.0.1.jar:/Users/milind/.m2/repository/org/apache/kerby/kerb-common/1.0.1/kerb-common-1.0.1.jar:/Users/milind/.m2/repository/org/apache/kerby/kerb-crypto/1.0.1/kerb-crypto-1.0.1.jar:/Users/milind/.m2/repository/org/apache/kerby/kerb-util/1.0.1/kerb-util-1.0.1.jar:/Users/milind/.m2/repository/org/apache/kerby/token-provider/1.0.1/token-provider-1.0.1.jar:/Users/milind/.m2/repository/org/apache/kerby/kerb-admin/1.0.1/kerb-admin-1.0.1.jar:/Users/milind/.m2/repository/org/apache/kerby/kerb-server/1.0.1/kerb-server-1.0.1.jar:/Users/milind/.m2/repository/org/apache/kerby/kerb-identity/1.0.1/kerb-identity-1.0.1.jar:/Users/milind/.m2/repository/org/apache/kerby/kerby-xdr/1.0.1/kerby-xdr-1.0.1.jar:/Users/milind/.m2/repository/javax/xml/bind/jaxb-api/2.2.11/jaxb-api-2.2.11.jar:/Users/milind/.m2/repository/org/apache/commons/commons-compress/1.18/commons-compress-1.18.jar:/Users/milind/.m2/repository/javax/servlet/javax.servlet-api/3.1.0/javax.servlet-api-3.1.0.jar:/Users/milind/.m2/repository/org/eclipse/jetty/jetty-util/9.3.24.v20180605/jetty-util-9.3.24.v20180605.jar:/Users/milind/.m2/repository/com/sun/jersey/jersey-client/1.19/jersey-client-1.19.jar:/Users/milind/.m2/repository/com/google/inject/guice/4.0/guice-4.0.jar:/Users/milind/.m2/repository/javax/inject/javax.inject/1/javax.inject-1.jar:/Users/milind/.m2/repository/aopalliance/aopalliance/1.0/aopalliance-1.0.jar:/Users/milind/.m2/repository/com/sun/jersey/contribs/jersey-guice/1.19/jersey-guice-1.19.jar:/Users/milind/.m2/repository/com/sun/jersey/jersey-servlet/1.19/jersey-servlet-1.19.jar:/Users/milind/.m2/repository/com/fasterxml/jackson/core/jackson-core/2.9.8/jackson-core-2.9.8.jar:/Users/milind/.m2/repository/com/fasterxml/jackson/module/jackson-module-jaxb-annotations/2.9.8/jackson-module-jaxb-annotations-2.9.8.jar:/Users/milind/.m2/repository/com/fasterxml/jackson/jaxrs/jackson-jaxrs-json-provider/2.9.8/jackson-jaxrs-json-provider-2.9.8.jar:/Users/milind/.m2/repository/com/fasterxml/jackson/jaxrs/jackson-jaxrs-base/2.9.8/jackson-jaxrs-base-2.9.8.jar:/Users/milind/.m2/repository/org/apache/hadoop/hadoop-hdfs-client/3.2.1/hadoop-hdfs-client-3.2.1.jar:/Users/milind/.m2/repository/com/squareup/okhttp/okhttp/2.7.5/okhttp-2.7.5.jar:/Users/milind/.m2/repository/com/squareup/okio/okio/1.6.0/okio-1.6.0.jar:/Users/milind/.m2/repository/com/fasterxml/jackson/core/jackson-annotations/2.9.8/jackson-annotations-2.9.8.jar:/Users/milind/.m2/repository/com/fasterxml/jackson/core/jackson-databind/2.9.8/jackson-databind-2.9.8.jar:/Users/milind/.m2/repository/com/google/protobuf/protobuf-java/2.5.0/protobuf-java-2.5.0.jar:/Users/milind/.m2/repository/org/apache/avro/avro/1.7.7/avro-1.7.7.jar:/Users/milind/.m2/repository/org/codehaus/jackson/jackson-core-asl/1.9.13/jackson-core-asl-1.9.13.jar:/Users/milind/.m2/repository/com/thoughtworks/paranamer/paranamer/2.3/paranamer-2.3.jar:/Users/milind/.m2/repository/org/xerial/snappy/snappy-java/1.0.5/snappy-java-1.0.5.jar:/Users/milind/.m2/repository/org/slf4j/slf4j-api/1.7.25/slf4j-api-1.7.25.jar:/Users/milind/.m2/repository/org/slf4j/slf4j-log4j12/1.7.25/slf4j-log4j12-1.7.25.jar:/Users/milind/.m2/repository/org/apache/hadoop/hadoop-annotations/3.2.1/hadoop-annotations-3.2.1.jar:/Users/milind/Library/Java/JavaVirtualMachines/adopt-openj9-1.8.0_265/Contents/Home/jre/../lib/tools.jar:/Users/milind/.m2/repository/com/google/inject/extensions/guice-servlet/4.0/guice-servlet-4.0.jar:/Users/milind/.m2/repository/io/netty/netty/3.10.5.Final/netty-3.10.5.Final.jar:/Users/milind/.m2/repository/org/apache/hadoop/hadoop-core/1.2.1/hadoop-core-1.2.1.jar:/Users/milind/.m2/repository/commons-cli/commons-cli/1.2/commons-cli-1.2.jar:/Users/milind/.m2/repository/xmlenc/xmlenc/0.52/xmlenc-0.52.jar:/Users/milind/.m2/repository/com/sun/jersey/jersey-core/1.8/jersey-core-1.8.jar:/Users/milind/.m2/repository/com/sun/jersey/jersey-json/1.8/jersey-json-1.8.jar:/Users/milind/.m2/repository/org/codehaus/jettison/jettison/1.1/jettison-1.1.jar:/Users/milind/.m2/repository/stax/stax-api/1.0.1/stax-api-1.0.1.jar:/Users/milind/.m2/repository/com/sun/xml/bind/jaxb-impl/2.2.3-1/jaxb-impl-2.2.3-1.jar:/Users/milind/.m2/repository/org/codehaus/jackson/jackson-jaxrs/1.7.1/jackson-jaxrs-1.7.1.jar:/Users/milind/.m2/repository/org/codehaus/jackson/jackson-xc/1.7.1/jackson-xc-1.7.1.jar:/Users/milind/.m2/repository/com/sun/jersey/jersey-server/1.8/jersey-server-1.8.jar:/Users/milind/.m2/repository/asm/asm/3.1/asm-3.1.jar:/Users/milind/.m2/repository/commons-io/commons-io/2.1/commons-io-2.1.jar:/Users/milind/.m2/repository/commons-httpclient/commons-httpclient/3.0.1/commons-httpclient-3.0.1.jar:/Users/milind/.m2/repository/commons-codec/commons-codec/1.4/commons-codec-1.4.jar:/Users/milind/.m2/repository/org/apache/commons/commons-math/2.1/commons-math-2.1.jar:/Users/milind/.m2/repository/commons-configuration/commons-configuration/1.6/commons-configuration-1.6.jar:/Users/milind/.m2/repository/commons-collections/commons-collections/3.2.1/commons-collections-3.2.1.jar:/Users/milind/.m2/repository/commons-lang/commons-lang/2.4/commons-lang-2.4.jar:/Users/milind/.m2/repository/commons-digester/commons-digester/1.8/commons-digester-1.8.jar:/Users/milind/.m2/repository/commons-beanutils/commons-beanutils/1.7.0/commons-beanutils-1.7.0.jar:/Users/milind/.m2/repository/commons-beanutils/commons-beanutils-core/1.8.0/commons-beanutils-core-1.8.0.jar:/Users/milind/.m2/repository/commons-net/commons-net/1.4.1/commons-net-1.4.1.jar:/Users/milind/.m2/repository/org/mortbay/jetty/jetty/6.1.26/jetty-6.1.26.jar:/Users/milind/.m2/repository/org/mortbay/jetty/servlet-api/2.5-20081211/servlet-api-2.5-20081211.jar:/Users/milind/.m2/repository/org/mortbay/jetty/jetty-util/6.1.26/jetty-util-6.1.26.jar:/Users/milind/.m2/repository/tomcat/jasper-runtime/5.5.12/jasper-runtime-5.5.12.jar:/Users/milind/.m2/repository/tomcat/jasper-compiler/5.5.12/jasper-compiler-5.5.12.jar:/Users/milind/.m2/repository/org/mortbay/jetty/jsp-api-2.1/6.1.14/jsp-api-2.1-6.1.14.jar:/Users/milind/.m2/repository/org/mortbay/jetty/servlet-api-2.5/6.1.14/servlet-api-2.5-6.1.14.jar:/Users/milind/.m2/repository/org/mortbay/jetty/jsp-2.1/6.1.14/jsp-2.1-6.1.14.jar:/Users/milind/.m2/repository/ant/ant/1.6.5/ant-1.6.5.jar:/Users/milind/.m2/repository/commons-el/commons-el/1.0/commons-el-1.0.jar:/Users/milind/.m2/repository/net/java/dev/jets3t/jets3t/0.6.1/jets3t-0.6.1.jar:/Users/milind/.m2/repository/hsqldb/hsqldb/1.8.0.10/hsqldb-1.8.0.10.jar:/Users/milind/.m2/repository/oro/oro/2.0.8/oro-2.0.8.jar:/Users/milind/.m2/repository/org/eclipse/jdt/core/3.1.1/core-3.1.1.jar:/Users/milind/.m2/repository/org/codehaus/jackson/jackson-mapper-asl/1.8.8/jackson-mapper-asl-1.8.8.jar:/Users/milind/.m2/repository/log4j/log4j/1.2.17/log4j-1.2.17.jar:"/>
    <property name="sun.cpu.endian" value="little"/>
    <property name="user.home" value="/Users/milind"/>
    <property name="user.language" value="en"/>
    <property name="java.specification.vendor" value="Oracle Corporation"/>
    <property name="java.home" value="/Users/milind/Library/Java/JavaVirtualMachines/adopt-openj9-1.8.0_265/Contents/Home/jre"/>
    <property name="ibm.signalhandling.rs" value="false"/>
    <property name="file.separator" value="/"/>
    <property name="jdk.extensions.name" value="Extensions for OpenJDK for Eclipse OpenJ9"/>
    <property name="basedir" value="/Users/milind/OneDrive - RMIT University/sem3/Big Data/Assingments/Assingment2_Task1"/>
    <property name="line.separator" value="&#10;"/>
    <property name="java.vm.specification.vendor" value="Oracle Corporation"/>
    <property name="java.specification.name" value="Java Platform API Specification"/>
    <property name="java.compiler" value="j9jit29"/>
    <property name="com.ibm.util.extralibs.properties" value=""/>
    <property name="java.awt.graphicsenv" value="sun.awt.CGraphicsEnvironment"/>
    <property name="com.ibm.oti.configuration" value="scar"/>
    <property name="surefire.real.class.path" value="/Users/milind/OneDrive - RMIT University/sem3/Big Data/Assingments/Assingment2_Task1/target/surefire/surefirebooter8635891687538967898.jar"/>
    <property name="com.ibm.oti.shared.enabled" value="false"/>
    <property name="sun.boot.class.path" value="/Users/milind/Library/Java/JavaVirtualMachines/adopt-openj9-1.8.0_265/Contents/Home/jre/lib/compressedrefs/jclSC180/vm.jar:/Users/milind/Library/Java/JavaVirtualMachines/adopt-openj9-1.8.0_265/Contents/Home/jre/lib/se-service.jar:/Users/milind/Library/Java/JavaVirtualMachines/adopt-openj9-1.8.0_265/Contents/Home/jre/lib/rt.jar:/Users/milind/Library/Java/JavaVirtualMachines/adopt-openj9-1.8.0_265/Contents/Home/jre/lib/resources.jar:/Users/milind/Library/Java/JavaVirtualMachines/adopt-openj9-1.8.0_265/Contents/Home/jre/lib/jsse.jar:/Users/milind/Library/Java/JavaVirtualMachines/adopt-openj9-1.8.0_265/Contents/Home/jre/lib/charsets.jar:/Users/milind/Library/Java/JavaVirtualMachines/adopt-openj9-1.8.0_265/Contents/Home/jre/lib/jce.jar"/>
    <property name="com.ibm.oti.vm.bootstrap.library.path" value="/Users/milind/Library/Java/JavaVirtualMachines/adopt-openj9-1.8.0_265/Contents/Home/jre/lib/compressedrefs:/Users/milind/Library/Java/JavaVirtualMachines/adopt-openj9-1.8.0_265/Contents/Home/jre/lib"/>
    <property name="com.ibm.cpu.endian" value="little"/>
    <property name="java.fullversion" value="1.8.0_265-b01&#10;JRE 1.8.0 Mac OS X amd64-64-Bit Compressed References 20200728_646 (JIT enabled, AOT enabled)&#10;OpenJ9   - 34cf4c075&#10;OMR      - 113e54219&#10;JCL      - c82ff0c20f based on jdk8u265-b01"/>
    <property name="java.runtime.version" value="1.8.0_265-b01"/>
    <property name="user.name" value="milind"/>
    <property name="path.separator" value=":"/>
    <property name="os.version" value="10.15.7"/>
    <property name="java.endorsed.dirs" value="/Users/milind/Library/Java/JavaVirtualMachines/adopt-openj9-1.8.0_265/Contents/Home/jre/lib/endorsed"/>
    <property name="java.runtime.name" value="OpenJDK Runtime Environment"/>
    <property name="ibm.signalhandling.sigint" value="true"/>
    <property name="file.encoding" value="UTF-8"/>
    <property name="java.vm.name" value="Eclipse OpenJ9 VM"/>
    <property name="ibm.signalhandling.sigchain" value="true"/>
    <property name="localRepository" value="/Users/milind/.m2/repository"/>
    <property name="java.io.tmpdir" value="/var/folders/_r/72npf4415h1g5k94lj87rs3w0000gn/T/"/>
    <property name="idea.version" value="2020.2.3"/>
    <property name="java.version" value="1.8.0_265"/>
    <property name="com.ibm.system.agent.path" value="/Users/milind/Library/Java/JavaVirtualMachines/adopt-openj9-1.8.0_265/Contents/Home/jre/lib"/>
    <property name="user.dir" value="/Users/milind/OneDrive - RMIT University/sem3/Big Data/Assingments/Assingment2_Task1"/>
    <property name="os.arch" value="x86_64"/>
    <property name="java.vm.specification.name" value="Java Virtual Machine Specification"/>
    <property name="java.awt.printerjob" value="sun.lwawt.macosx.CPrinterJob"/>
    <property name="os.encoding" value="UTF-8"/>
    <property name="java.library.path" value="/Users/milind/Library/Java/JavaVirtualMachines/adopt-openj9-1.8.0_265/Contents/Home/jre/lib/compressedrefs:/Users/milind/Library/Java/JavaVirtualMachines/adopt-openj9-1.8.0_265/Contents/Home/jre/lib:/usr/lib"/>
    <property name="java.vendor" value="Eclipse OpenJ9"/>
    <property name="java.vm.info" value="JRE 1.8.0 Mac OS X amd64-64-Bit Compressed References 20200728_646 (JIT enabled, AOT enabled)&#10;OpenJ9   - 34cf4c075&#10;OMR      - 113e54219&#10;JCL      - c82ff0c20f based on jdk8u265-b01"/>
    <property name="java.vm.version" value="openj9-0.21.0"/>
    <property name="com.ibm.jcl.checkClassPath" value=""/>
    <property name="ibm.system.encoding" value="UTF-8"/>
    <property name="sun.io.unicode.encoding" value="UnicodeLittle"/>
    <property name="java.ext.dirs" value="/Users/milind/Library/Java/JavaVirtualMachines/adopt-openj9-1.8.0_265/Contents/Home/jre/lib/ext"/>
    <property name="java.class.version" value="52.0"/>
  </properties>
  <testcase name="shouldAnswerWithTrue" classname="mapReduce.AppTest" time="0.002"/>
</testsuite>